{"message":"::1 - - [01/Oct/2018:07:06:41 +0000] \"GET / HTTP/1.1\" 304 - \"-\" \"Mozilla/5.0 (Windows NT 10.0; Win64; x64) AppleWebKit/537.36 (KHTML, like Gecko) Chrome/69.0.3497.100 Safari/537.36\"\n","level":"info"}
{"message":"::1 - - [01/Oct/2018:07:06:41 +0000] \"GET /runtime.js HTTP/1.1\" 304 - \"http://localhost:3000/\" \"Mozilla/5.0 (Windows NT 10.0; Win64; x64) AppleWebKit/537.36 (KHTML, like Gecko) Chrome/69.0.3497.100 Safari/537.36\"\n","level":"info"}
{"message":"::1 - - [01/Oct/2018:07:06:41 +0000] \"GET /polyfills.js HTTP/1.1\" 304 - \"http://localhost:3000/\" \"Mozilla/5.0 (Windows NT 10.0; Win64; x64) AppleWebKit/537.36 (KHTML, like Gecko) Chrome/69.0.3497.100 Safari/537.36\"\n","level":"info"}
{"message":"::1 - - [01/Oct/2018:07:06:41 +0000] \"GET /styles.js HTTP/1.1\" 304 - \"http://localhost:3000/\" \"Mozilla/5.0 (Windows NT 10.0; Win64; x64) AppleWebKit/537.36 (KHTML, like Gecko) Chrome/69.0.3497.100 Safari/537.36\"\n","level":"info"}
{"message":"::1 - - [01/Oct/2018:07:06:41 +0000] \"GET /vendor.js HTTP/1.1\" 304 - \"http://localhost:3000/\" \"Mozilla/5.0 (Windows NT 10.0; Win64; x64) AppleWebKit/537.36 (KHTML, like Gecko) Chrome/69.0.3497.100 Safari/537.36\"\n","level":"info"}
{"message":"::1 - - [01/Oct/2018:07:06:41 +0000] \"GET /main.js HTTP/1.1\" 304 - \"http://localhost:3000/\" \"Mozilla/5.0 (Windows NT 10.0; Win64; x64) AppleWebKit/537.36 (KHTML, like Gecko) Chrome/69.0.3497.100 Safari/537.36\"\n","level":"info"}
{"message":"::1 - - [01/Oct/2018:07:06:41 +0000] \"GET /runtime.js.map HTTP/1.1\" 304 - \"-\" \"Mozilla/5.0 (Windows NT 10.0; Win64; x64) AppleWebKit/537.36 (KHTML, like Gecko) Chrome/69.0.3497.100 Safari/537.36\"\n","level":"info"}
{"message":"::1 - - [01/Oct/2018:07:06:41 +0000] \"GET /polyfills.js.map HTTP/1.1\" 304 - \"-\" \"Mozilla/5.0 (Windows NT 10.0; Win64; x64) AppleWebKit/537.36 (KHTML, like Gecko) Chrome/69.0.3497.100 Safari/537.36\"\n","level":"info"}
{"message":"::1 - - [01/Oct/2018:07:06:41 +0000] \"GET /styles.js.map HTTP/1.1\" 304 - \"-\" \"Mozilla/5.0 (Windows NT 10.0; Win64; x64) AppleWebKit/537.36 (KHTML, like Gecko) Chrome/69.0.3497.100 Safari/537.36\"\n","level":"info"}
{"message":"::1 - - [01/Oct/2018:07:06:42 +0000] \"GET /vendor.js.map HTTP/1.1\" 304 - \"-\" \"Mozilla/5.0 (Windows NT 10.0; Win64; x64) AppleWebKit/537.36 (KHTML, like Gecko) Chrome/69.0.3497.100 Safari/537.36\"\n","level":"info"}
{"message":"::1 - - [01/Oct/2018:07:06:42 +0000] \"GET /main.js.map HTTP/1.1\" 304 - \"-\" \"Mozilla/5.0 (Windows NT 10.0; Win64; x64) AppleWebKit/537.36 (KHTML, like Gecko) Chrome/69.0.3497.100 Safari/537.36\"\n","level":"info"}
{"message":"::1 - - [01/Oct/2018:07:06:42 +0000] \"GET /assets/images/logo.png HTTP/1.1\" 304 - \"http://localhost:3000/\" \"Mozilla/5.0 (Windows NT 10.0; Win64; x64) AppleWebKit/537.36 (KHTML, like Gecko) Chrome/69.0.3497.100 Safari/537.36\"\n","level":"info"}
{"message":"::1 - - [01/Oct/2018:07:06:42 +0000] \"GET /assets/images/notification.png HTTP/1.1\" 304 - \"http://localhost:3000/\" \"Mozilla/5.0 (Windows NT 10.0; Win64; x64) AppleWebKit/537.36 (KHTML, like Gecko) Chrome/69.0.3497.100 Safari/537.36\"\n","level":"info"}
{"message":"::1 - - [01/Oct/2018:07:06:42 +0000] \"GET /assets/images/dashboard.png HTTP/1.1\" 304 - \"http://localhost:3000/\" \"Mozilla/5.0 (Windows NT 10.0; Win64; x64) AppleWebKit/537.36 (KHTML, like Gecko) Chrome/69.0.3497.100 Safari/537.36\"\n","level":"info"}
{"message":"::1 - - [01/Oct/2018:07:06:42 +0000] \"GET /assets/images/skills.png HTTP/1.1\" 304 - \"http://localhost:3000/\" \"Mozilla/5.0 (Windows NT 10.0; Win64; x64) AppleWebKit/537.36 (KHTML, like Gecko) Chrome/69.0.3497.100 Safari/537.36\"\n","level":"info"}
{"message":"::1 - - [01/Oct/2018:07:06:42 +0000] \"GET /assets/images/certifications.png HTTP/1.1\" 304 - \"http://localhost:3000/\" \"Mozilla/5.0 (Windows NT 10.0; Win64; x64) AppleWebKit/537.36 (KHTML, like Gecko) Chrome/69.0.3497.100 Safari/537.36\"\n","level":"info"}
{"message":"::1 - - [01/Oct/2018:07:06:42 +0000] \"GET /assets/images/training.png HTTP/1.1\" 304 - \"http://localhost:3000/\" \"Mozilla/5.0 (Windows NT 10.0; Win64; x64) AppleWebKit/537.36 (KHTML, like Gecko) Chrome/69.0.3497.100 Safari/537.36\"\n","level":"info"}
{"message":"false","level":"info"}
{"message":"::1 - - [01/Oct/2018:07:06:42 +0000] \"GET /api/user/getImage HTTP/1.1\" 302 37 \"http://localhost:3000/\" \"Mozilla/5.0 (Windows NT 10.0; Win64; x64) AppleWebKit/537.36 (KHTML, like Gecko) Chrome/69.0.3497.100 Safari/537.36\"\n","level":"info"}
{"message":"::1 - - [01/Oct/2018:07:06:42 +0000] \"GET /assets/images/profile.png HTTP/1.1\" 304 - \"http://localhost:3000/\" \"Mozilla/5.0 (Windows NT 10.0; Win64; x64) AppleWebKit/537.36 (KHTML, like Gecko) Chrome/69.0.3497.100 Safari/537.36\"\n","level":"info"}
{"message":"::1 - - [01/Oct/2018:07:06:43 +0000] \"GET /api/auth/login HTTP/1.1\" 302 0 \"http://localhost:3000/\" \"Mozilla/5.0 (Windows NT 10.0; Win64; x64) AppleWebKit/537.36 (KHTML, like Gecko) Chrome/69.0.3497.100 Safari/537.36\"\n","level":"info"}
{"message":"::1 - - [01/Oct/2018:07:06:48 +0000] \"GET / HTTP/1.1\" 304 - \"-\" \"Mozilla/5.0 (Windows NT 10.0; Win64; x64) AppleWebKit/537.36 (KHTML, like Gecko) Chrome/69.0.3497.100 Safari/537.36\"\n","level":"info"}
{"message":"::1 - - [01/Oct/2018:07:06:48 +0000] \"GET /runtime.js HTTP/1.1\" 304 - \"http://localhost:3000/\" \"Mozilla/5.0 (Windows NT 10.0; Win64; x64) AppleWebKit/537.36 (KHTML, like Gecko) Chrome/69.0.3497.100 Safari/537.36\"\n","level":"info"}
{"message":"::1 - - [01/Oct/2018:07:06:48 +0000] \"GET /polyfills.js HTTP/1.1\" 304 - \"http://localhost:3000/\" \"Mozilla/5.0 (Windows NT 10.0; Win64; x64) AppleWebKit/537.36 (KHTML, like Gecko) Chrome/69.0.3497.100 Safari/537.36\"\n","level":"info"}
{"message":"::1 - - [01/Oct/2018:07:06:48 +0000] \"GET /styles.js HTTP/1.1\" 304 - \"http://localhost:3000/\" \"Mozilla/5.0 (Windows NT 10.0; Win64; x64) AppleWebKit/537.36 (KHTML, like Gecko) Chrome/69.0.3497.100 Safari/537.36\"\n","level":"info"}
{"message":"::1 - - [01/Oct/2018:07:06:48 +0000] \"GET /vendor.js HTTP/1.1\" 304 - \"http://localhost:3000/\" \"Mozilla/5.0 (Windows NT 10.0; Win64; x64) AppleWebKit/537.36 (KHTML, like Gecko) Chrome/69.0.3497.100 Safari/537.36\"\n","level":"info"}
{"message":"::1 - - [01/Oct/2018:07:06:48 +0000] \"GET /main.js HTTP/1.1\" 304 - \"http://localhost:3000/\" \"Mozilla/5.0 (Windows NT 10.0; Win64; x64) AppleWebKit/537.36 (KHTML, like Gecko) Chrome/69.0.3497.100 Safari/537.36\"\n","level":"info"}
{"message":"::1 - - [01/Oct/2018:07:06:48 +0000] \"GET /runtime.js.map HTTP/1.1\" 304 - \"-\" \"Mozilla/5.0 (Windows NT 10.0; Win64; x64) AppleWebKit/537.36 (KHTML, like Gecko) Chrome/69.0.3497.100 Safari/537.36\"\n","level":"info"}
{"message":"::1 - - [01/Oct/2018:07:06:48 +0000] \"GET /polyfills.js.map HTTP/1.1\" 304 - \"-\" \"Mozilla/5.0 (Windows NT 10.0; Win64; x64) AppleWebKit/537.36 (KHTML, like Gecko) Chrome/69.0.3497.100 Safari/537.36\"\n","level":"info"}
{"message":"::1 - - [01/Oct/2018:07:06:48 +0000] \"GET /styles.js.map HTTP/1.1\" 304 - \"-\" \"Mozilla/5.0 (Windows NT 10.0; Win64; x64) AppleWebKit/537.36 (KHTML, like Gecko) Chrome/69.0.3497.100 Safari/537.36\"\n","level":"info"}
{"message":"::1 - - [01/Oct/2018:07:06:48 +0000] \"GET /vendor.js.map HTTP/1.1\" 304 - \"-\" \"Mozilla/5.0 (Windows NT 10.0; Win64; x64) AppleWebKit/537.36 (KHTML, like Gecko) Chrome/69.0.3497.100 Safari/537.36\"\n","level":"info"}
{"message":"::1 - - [01/Oct/2018:07:06:49 +0000] \"GET /main.js.map HTTP/1.1\" 304 - \"-\" \"Mozilla/5.0 (Windows NT 10.0; Win64; x64) AppleWebKit/537.36 (KHTML, like Gecko) Chrome/69.0.3497.100 Safari/537.36\"\n","level":"info"}
{"message":"::1 - - [01/Oct/2018:07:06:49 +0000] \"GET /assets/images/logo.png HTTP/1.1\" 304 - \"http://localhost:3000/\" \"Mozilla/5.0 (Windows NT 10.0; Win64; x64) AppleWebKit/537.36 (KHTML, like Gecko) Chrome/69.0.3497.100 Safari/537.36\"\n","level":"info"}
{"message":"::1 - - [01/Oct/2018:07:06:49 +0000] \"GET /assets/images/notification.png HTTP/1.1\" 304 - \"http://localhost:3000/\" \"Mozilla/5.0 (Windows NT 10.0; Win64; x64) AppleWebKit/537.36 (KHTML, like Gecko) Chrome/69.0.3497.100 Safari/537.36\"\n","level":"info"}
{"message":"::1 - - [01/Oct/2018:07:06:49 +0000] \"GET /assets/images/dashboard.png HTTP/1.1\" 304 - \"http://localhost:3000/\" \"Mozilla/5.0 (Windows NT 10.0; Win64; x64) AppleWebKit/537.36 (KHTML, like Gecko) Chrome/69.0.3497.100 Safari/537.36\"\n","level":"info"}
{"message":"::1 - - [01/Oct/2018:07:06:49 +0000] \"GET /assets/images/skills.png HTTP/1.1\" 304 - \"http://localhost:3000/\" \"Mozilla/5.0 (Windows NT 10.0; Win64; x64) AppleWebKit/537.36 (KHTML, like Gecko) Chrome/69.0.3497.100 Safari/537.36\"\n","level":"info"}
{"message":"::1 - - [01/Oct/2018:07:06:49 +0000] \"GET /assets/images/certifications.png HTTP/1.1\" 304 - \"http://localhost:3000/\" \"Mozilla/5.0 (Windows NT 10.0; Win64; x64) AppleWebKit/537.36 (KHTML, like Gecko) Chrome/69.0.3497.100 Safari/537.36\"\n","level":"info"}
{"message":"::1 - - [01/Oct/2018:07:06:49 +0000] \"GET /assets/images/training.png HTTP/1.1\" 304 - \"http://localhost:3000/\" \"Mozilla/5.0 (Windows NT 10.0; Win64; x64) AppleWebKit/537.36 (KHTML, like Gecko) Chrome/69.0.3497.100 Safari/537.36\"\n","level":"info"}
{"message":"::1 - - [01/Oct/2018:07:06:49 +0000] \"GET /assets/images/profile.png HTTP/1.1\" 304 - \"http://localhost:3000/\" \"Mozilla/5.0 (Windows NT 10.0; Win64; x64) AppleWebKit/537.36 (KHTML, like Gecko) Chrome/69.0.3497.100 Safari/537.36\"\n","level":"info"}
{"message":"::1 - - [01/Oct/2018:07:06:49 +0000] \"GET /api/auth/login HTTP/1.1\" 302 0 \"http://localhost:3000/\" \"Mozilla/5.0 (Windows NT 10.0; Win64; x64) AppleWebKit/537.36 (KHTML, like Gecko) Chrome/69.0.3497.100 Safari/537.36\"\n","level":"info"}
{"message":"::1 - - [01/Oct/2018:07:06:51 +0000] \"POST /api/auth/openid/return HTTP/1.1\" 302 46 \"-\" \"Mozilla/5.0 (Windows NT 10.0; Win64; x64) AppleWebKit/537.36 (KHTML, like Gecko) Chrome/69.0.3497.100 Safari/537.36\"\n","level":"info"}
{"message":"::1 - - [01/Oct/2018:07:06:51 +0000] \"GET / HTTP/1.1\" 304 - \"-\" \"Mozilla/5.0 (Windows NT 10.0; Win64; x64) AppleWebKit/537.36 (KHTML, like Gecko) Chrome/69.0.3497.100 Safari/537.36\"\n","level":"info"}
{"message":"::1 - - [01/Oct/2018:07:06:51 +0000] \"GET /runtime.js HTTP/1.1\" 304 - \"http://localhost:3000/\" \"Mozilla/5.0 (Windows NT 10.0; Win64; x64) AppleWebKit/537.36 (KHTML, like Gecko) Chrome/69.0.3497.100 Safari/537.36\"\n","level":"info"}
{"message":"::1 - - [01/Oct/2018:07:06:51 +0000] \"GET /styles.js HTTP/1.1\" 304 - \"http://localhost:3000/\" \"Mozilla/5.0 (Windows NT 10.0; Win64; x64) AppleWebKit/537.36 (KHTML, like Gecko) Chrome/69.0.3497.100 Safari/537.36\"\n","level":"info"}
{"message":"::1 - - [01/Oct/2018:07:06:51 +0000] \"GET /polyfills.js HTTP/1.1\" 304 - \"http://localhost:3000/\" \"Mozilla/5.0 (Windows NT 10.0; Win64; x64) AppleWebKit/537.36 (KHTML, like Gecko) Chrome/69.0.3497.100 Safari/537.36\"\n","level":"info"}
{"message":"::1 - - [01/Oct/2018:07:06:51 +0000] \"GET /vendor.js HTTP/1.1\" 304 - \"http://localhost:3000/\" \"Mozilla/5.0 (Windows NT 10.0; Win64; x64) AppleWebKit/537.36 (KHTML, like Gecko) Chrome/69.0.3497.100 Safari/537.36\"\n","level":"info"}
{"message":"::1 - - [01/Oct/2018:07:06:51 +0000] \"GET /main.js HTTP/1.1\" 304 - \"http://localhost:3000/\" \"Mozilla/5.0 (Windows NT 10.0; Win64; x64) AppleWebKit/537.36 (KHTML, like Gecko) Chrome/69.0.3497.100 Safari/537.36\"\n","level":"info"}
{"message":"::1 - - [01/Oct/2018:07:06:51 +0000] \"GET /runtime.js.map HTTP/1.1\" 304 - \"-\" \"Mozilla/5.0 (Windows NT 10.0; Win64; x64) AppleWebKit/537.36 (KHTML, like Gecko) Chrome/69.0.3497.100 Safari/537.36\"\n","level":"info"}
{"message":"::1 - - [01/Oct/2018:07:06:51 +0000] \"GET /polyfills.js.map HTTP/1.1\" 304 - \"-\" \"Mozilla/5.0 (Windows NT 10.0; Win64; x64) AppleWebKit/537.36 (KHTML, like Gecko) Chrome/69.0.3497.100 Safari/537.36\"\n","level":"info"}
{"message":"::1 - - [01/Oct/2018:07:06:51 +0000] \"GET /styles.js.map HTTP/1.1\" 304 - \"-\" \"Mozilla/5.0 (Windows NT 10.0; Win64; x64) AppleWebKit/537.36 (KHTML, like Gecko) Chrome/69.0.3497.100 Safari/537.36\"\n","level":"info"}
{"message":"::1 - - [01/Oct/2018:07:06:51 +0000] \"GET /vendor.js.map HTTP/1.1\" 304 - \"-\" \"Mozilla/5.0 (Windows NT 10.0; Win64; x64) AppleWebKit/537.36 (KHTML, like Gecko) Chrome/69.0.3497.100 Safari/537.36\"\n","level":"info"}
{"message":"::1 - - [01/Oct/2018:07:06:51 +0000] \"GET /main.js.map HTTP/1.1\" 304 - \"-\" \"Mozilla/5.0 (Windows NT 10.0; Win64; x64) AppleWebKit/537.36 (KHTML, like Gecko) Chrome/69.0.3497.100 Safari/537.36\"\n","level":"info"}
{"message":"::1 - - [01/Oct/2018:07:06:51 +0000] \"GET /assets/images/logo.png HTTP/1.1\" 304 - \"http://localhost:3000/\" \"Mozilla/5.0 (Windows NT 10.0; Win64; x64) AppleWebKit/537.36 (KHTML, like Gecko) Chrome/69.0.3497.100 Safari/537.36\"\n","level":"info"}
{"message":"::1 - - [01/Oct/2018:07:06:51 +0000] \"GET /assets/images/notification.png HTTP/1.1\" 304 - \"http://localhost:3000/\" \"Mozilla/5.0 (Windows NT 10.0; Win64; x64) AppleWebKit/537.36 (KHTML, like Gecko) Chrome/69.0.3497.100 Safari/537.36\"\n","level":"info"}
{"message":"::1 - - [01/Oct/2018:07:06:51 +0000] \"GET /assets/images/dashboard.png HTTP/1.1\" 304 - \"http://localhost:3000/\" \"Mozilla/5.0 (Windows NT 10.0; Win64; x64) AppleWebKit/537.36 (KHTML, like Gecko) Chrome/69.0.3497.100 Safari/537.36\"\n","level":"info"}
{"message":"::1 - - [01/Oct/2018:07:06:51 +0000] \"GET /assets/images/skills.png HTTP/1.1\" 304 - \"http://localhost:3000/\" \"Mozilla/5.0 (Windows NT 10.0; Win64; x64) AppleWebKit/537.36 (KHTML, like Gecko) Chrome/69.0.3497.100 Safari/537.36\"\n","level":"info"}
{"message":"::1 - - [01/Oct/2018:07:06:51 +0000] \"GET /assets/images/certifications.png HTTP/1.1\" 304 - \"http://localhost:3000/\" \"Mozilla/5.0 (Windows NT 10.0; Win64; x64) AppleWebKit/537.36 (KHTML, like Gecko) Chrome/69.0.3497.100 Safari/537.36\"\n","level":"info"}
{"message":"::1 - - [01/Oct/2018:07:06:51 +0000] \"GET /assets/images/training.png HTTP/1.1\" 304 - \"http://localhost:3000/\" \"Mozilla/5.0 (Windows NT 10.0; Win64; x64) AppleWebKit/537.36 (KHTML, like Gecko) Chrome/69.0.3497.100 Safari/537.36\"\n","level":"info"}
{"message":"true","level":"info"}
{"message":"::1 - - [01/Oct/2018:07:06:51 +0000] \"GET /assets/images/profile.png HTTP/1.1\" 304 - \"http://localhost:3000/\" \"Mozilla/5.0 (Windows NT 10.0; Win64; x64) AppleWebKit/537.36 (KHTML, like Gecko) Chrome/69.0.3497.100 Safari/537.36\"\n","level":"info"}
{"message":"recieved photo","level":"info"}
{"message":"::1 - - [01/Oct/2018:07:06:52 +0000] \"GET /api/user/getImage HTTP/1.1\" 200 3713 \"http://localhost:3000/\" \"Mozilla/5.0 (Windows NT 10.0; Win64; x64) AppleWebKit/537.36 (KHTML, like Gecko) Chrome/69.0.3497.100 Safari/537.36\"\n","level":"info"}
{"message":"::1 - - [01/Oct/2018:07:06:52 +0000] \"GET /null HTTP/1.1\" 200 5 \"http://localhost:3000/\" \"Mozilla/5.0 (Windows NT 10.0; Win64; x64) AppleWebKit/537.36 (KHTML, like Gecko) Chrome/69.0.3497.100 Safari/537.36\"\n","level":"info"}
{"message":"::1 - - [01/Oct/2018:07:07:03 +0000] \"GET /assets/training.json HTTP/1.1\" 304 - \"http://localhost:3000/dashboard\" \"Mozilla/5.0 (Windows NT 10.0; Win64; x64) AppleWebKit/537.36 (KHTML, like Gecko) Chrome/69.0.3497.100 Safari/537.36\"\n","level":"info"}
{"message":"::1 - - [01/Oct/2018:07:07:03 +0000] \"GET /assets/images/Badge.png HTTP/1.1\" 304 - \"http://localhost:3000/dashboard\" \"Mozilla/5.0 (Windows NT 10.0; Win64; x64) AppleWebKit/537.36 (KHTML, like Gecko) Chrome/69.0.3497.100 Safari/537.36\"\n","level":"info"}
{"message":"::1 - - [01/Oct/2018:07:07:03 +0000] \"GET /assets/images/banner.png HTTP/1.1\" 304 - \"http://localhost:3000/\" \"Mozilla/5.0 (Windows NT 10.0; Win64; x64) AppleWebKit/537.36 (KHTML, like Gecko) Chrome/69.0.3497.100 Safari/537.36\"\n","level":"info"}
{"message":"::1 - - [01/Oct/2018:07:12:49 +0000] \"GET /dashboard HTTP/1.1\" 404 148 \"-\" \"Mozilla/5.0 (Windows NT 10.0; Win64; x64) AppleWebKit/537.36 (KHTML, like Gecko) Chrome/69.0.3497.100 Safari/537.36\"\n","level":"info"}
{"message":"::1 - - [01/Oct/2018:07:21:18 +0000] \"GET / HTTP/1.1\" 304 - \"-\" \"Mozilla/5.0 (Windows NT 10.0; Win64; x64) AppleWebKit/537.36 (KHTML, like Gecko) Chrome/69.0.3497.100 Safari/537.36\"\n","level":"info"}
{"message":"::1 - - [01/Oct/2018:07:21:18 +0000] \"GET /runtime.js HTTP/1.1\" 304 - \"http://localhost:3000/\" \"Mozilla/5.0 (Windows NT 10.0; Win64; x64) AppleWebKit/537.36 (KHTML, like Gecko) Chrome/69.0.3497.100 Safari/537.36\"\n","level":"info"}
{"message":"::1 - - [01/Oct/2018:07:21:18 +0000] \"GET /polyfills.js HTTP/1.1\" 304 - \"http://localhost:3000/\" \"Mozilla/5.0 (Windows NT 10.0; Win64; x64) AppleWebKit/537.36 (KHTML, like Gecko) Chrome/69.0.3497.100 Safari/537.36\"\n","level":"info"}
{"message":"::1 - - [01/Oct/2018:07:21:19 +0000] \"GET /vendor.js HTTP/1.1\" 304 - \"http://localhost:3000/\" \"Mozilla/5.0 (Windows NT 10.0; Win64; x64) AppleWebKit/537.36 (KHTML, like Gecko) Chrome/69.0.3497.100 Safari/537.36\"\n","level":"info"}
{"message":"::1 - - [01/Oct/2018:07:21:19 +0000] \"GET /styles.js HTTP/1.1\" 304 - \"http://localhost:3000/\" \"Mozilla/5.0 (Windows NT 10.0; Win64; x64) AppleWebKit/537.36 (KHTML, like Gecko) Chrome/69.0.3497.100 Safari/537.36\"\n","level":"info"}
{"message":"::1 - - [01/Oct/2018:07:21:19 +0000] \"GET /runtime.js HTTP/1.1\" 304 - \"http://localhost:3000/\" \"Mozilla/5.0 (Windows NT 10.0; Win64; x64) AppleWebKit/537.36 (KHTML, like Gecko) Chrome/69.0.3497.100 Safari/537.36\"\n","level":"info"}
{"message":"::1 - - [01/Oct/2018:07:21:19 +0000] \"GET /polyfills.js HTTP/1.1\" 304 - \"http://localhost:3000/\" \"Mozilla/5.0 (Windows NT 10.0; Win64; x64) AppleWebKit/537.36 (KHTML, like Gecko) Chrome/69.0.3497.100 Safari/537.36\"\n","level":"info"}
{"message":"::1 - - [01/Oct/2018:07:21:19 +0000] \"GET /main.js HTTP/1.1\" 304 - \"http://localhost:3000/\" \"Mozilla/5.0 (Windows NT 10.0; Win64; x64) AppleWebKit/537.36 (KHTML, like Gecko) Chrome/69.0.3497.100 Safari/537.36\"\n","level":"info"}
{"message":"::1 - - [01/Oct/2018:07:21:19 +0000] \"GET /runtime.js.map HTTP/1.1\" 304 - \"-\" \"Mozilla/5.0 (Windows NT 10.0; Win64; x64) AppleWebKit/537.36 (KHTML, like Gecko) Chrome/69.0.3497.100 Safari/537.36\"\n","level":"info"}
{"message":"::1 - - [01/Oct/2018:07:21:19 +0000] \"GET /polyfills.js.map HTTP/1.1\" 304 - \"-\" \"Mozilla/5.0 (Windows NT 10.0; Win64; x64) AppleWebKit/537.36 (KHTML, like Gecko) Chrome/69.0.3497.100 Safari/537.36\"\n","level":"info"}
{"message":"::1 - - [01/Oct/2018:07:21:19 +0000] \"GET /styles.js.map HTTP/1.1\" 304 - \"-\" \"Mozilla/5.0 (Windows NT 10.0; Win64; x64) AppleWebKit/537.36 (KHTML, like Gecko) Chrome/69.0.3497.100 Safari/537.36\"\n","level":"info"}
{"message":"::1 - - [01/Oct/2018:07:21:19 +0000] \"GET /vendor.js.map HTTP/1.1\" 304 - \"-\" \"Mozilla/5.0 (Windows NT 10.0; Win64; x64) AppleWebKit/537.36 (KHTML, like Gecko) Chrome/69.0.3497.100 Safari/537.36\"\n","level":"info"}
{"message":"::1 - - [01/Oct/2018:07:21:19 +0000] \"GET /main.js.map HTTP/1.1\" 304 - \"-\" \"Mozilla/5.0 (Windows NT 10.0; Win64; x64) AppleWebKit/537.36 (KHTML, like Gecko) Chrome/69.0.3497.100 Safari/537.36\"\n","level":"info"}
{"message":"::1 - - [01/Oct/2018:07:21:19 +0000] \"GET /assets/images/logo.png HTTP/1.1\" 304 - \"http://localhost:3000/\" \"Mozilla/5.0 (Windows NT 10.0; Win64; x64) AppleWebKit/537.36 (KHTML, like Gecko) Chrome/69.0.3497.100 Safari/537.36\"\n","level":"info"}
{"message":"::1 - - [01/Oct/2018:07:21:19 +0000] \"GET /assets/images/notification.png HTTP/1.1\" 304 - \"http://localhost:3000/\" \"Mozilla/5.0 (Windows NT 10.0; Win64; x64) AppleWebKit/537.36 (KHTML, like Gecko) Chrome/69.0.3497.100 Safari/537.36\"\n","level":"info"}
{"message":"::1 - - [01/Oct/2018:07:21:19 +0000] \"GET /assets/images/dashboard.png HTTP/1.1\" 304 - \"http://localhost:3000/\" \"Mozilla/5.0 (Windows NT 10.0; Win64; x64) AppleWebKit/537.36 (KHTML, like Gecko) Chrome/69.0.3497.100 Safari/537.36\"\n","level":"info"}
{"message":"::1 - - [01/Oct/2018:07:21:19 +0000] \"GET /assets/images/skills.png HTTP/1.1\" 304 - \"http://localhost:3000/\" \"Mozilla/5.0 (Windows NT 10.0; Win64; x64) AppleWebKit/537.36 (KHTML, like Gecko) Chrome/69.0.3497.100 Safari/537.36\"\n","level":"info"}
{"message":"::1 - - [01/Oct/2018:07:21:19 +0000] \"GET /assets/images/certifications.png HTTP/1.1\" 304 - \"http://localhost:3000/\" \"Mozilla/5.0 (Windows NT 10.0; Win64; x64) AppleWebKit/537.36 (KHTML, like Gecko) Chrome/69.0.3497.100 Safari/537.36\"\n","level":"info"}
{"message":"::1 - - [01/Oct/2018:07:21:19 +0000] \"GET /assets/images/training.png HTTP/1.1\" 304 - \"http://localhost:3000/\" \"Mozilla/5.0 (Windows NT 10.0; Win64; x64) AppleWebKit/537.36 (KHTML, like Gecko) Chrome/69.0.3497.100 Safari/537.36\"\n","level":"info"}
{"message":"false","level":"info"}
{"message":"::1 - - [01/Oct/2018:07:21:19 +0000] \"GET /api/user/getImage HTTP/1.1\" 302 37 \"http://localhost:3000/\" \"Mozilla/5.0 (Windows NT 10.0; Win64; x64) AppleWebKit/537.36 (KHTML, like Gecko) Chrome/69.0.3497.100 Safari/537.36\"\n","level":"info"}
{"message":"::1 - - [01/Oct/2018:07:21:19 +0000] \"GET /assets/images/profile.png HTTP/1.1\" 304 - \"http://localhost:3000/\" \"Mozilla/5.0 (Windows NT 10.0; Win64; x64) AppleWebKit/537.36 (KHTML, like Gecko) Chrome/69.0.3497.100 Safari/537.36\"\n","level":"info"}
{"message":"::1 - - [01/Oct/2018:07:21:20 +0000] \"GET /api/auth/login HTTP/1.1\" 302 0 \"http://localhost:3000/\" \"Mozilla/5.0 (Windows NT 10.0; Win64; x64) AppleWebKit/537.36 (KHTML, like Gecko) Chrome/69.0.3497.100 Safari/537.36\"\n","level":"info"}
{"message":"::1 - - [01/Oct/2018:09:54:22 +0000] \"GET / HTTP/1.1\" 304 - \"-\" \"Mozilla/5.0 (Windows NT 10.0; Win64; x64) AppleWebKit/537.36 (KHTML, like Gecko) Chrome/69.0.3497.100 Safari/537.36\"\n","level":"info"}
{"message":"::1 - - [01/Oct/2018:09:54:22 +0000] \"GET /runtime.js HTTP/1.1\" 304 - \"http://localhost:3000/\" \"Mozilla/5.0 (Windows NT 10.0; Win64; x64) AppleWebKit/537.36 (KHTML, like Gecko) Chrome/69.0.3497.100 Safari/537.36\"\n","level":"info"}
{"message":"::1 - - [01/Oct/2018:09:54:22 +0000] \"GET /polyfills.js HTTP/1.1\" 304 - \"http://localhost:3000/\" \"Mozilla/5.0 (Windows NT 10.0; Win64; x64) AppleWebKit/537.36 (KHTML, like Gecko) Chrome/69.0.3497.100 Safari/537.36\"\n","level":"info"}
{"message":"::1 - - [01/Oct/2018:09:54:22 +0000] \"GET /styles.js HTTP/1.1\" 304 - \"http://localhost:3000/\" \"Mozilla/5.0 (Windows NT 10.0; Win64; x64) AppleWebKit/537.36 (KHTML, like Gecko) Chrome/69.0.3497.100 Safari/537.36\"\n","level":"info"}
{"message":"::1 - - [01/Oct/2018:09:54:22 +0000] \"GET /vendor.js HTTP/1.1\" 304 - \"http://localhost:3000/\" \"Mozilla/5.0 (Windows NT 10.0; Win64; x64) AppleWebKit/537.36 (KHTML, like Gecko) Chrome/69.0.3497.100 Safari/537.36\"\n","level":"info"}
{"message":"::1 - - [01/Oct/2018:09:54:22 +0000] \"GET /main.js HTTP/1.1\" 304 - \"http://localhost:3000/\" \"Mozilla/5.0 (Windows NT 10.0; Win64; x64) AppleWebKit/537.36 (KHTML, like Gecko) Chrome/69.0.3497.100 Safari/537.36\"\n","level":"info"}
{"message":"::1 - - [01/Oct/2018:09:54:22 +0000] \"GET /runtime.js.map HTTP/1.1\" 304 - \"-\" \"Mozilla/5.0 (Windows NT 10.0; Win64; x64) AppleWebKit/537.36 (KHTML, like Gecko) Chrome/69.0.3497.100 Safari/537.36\"\n","level":"info"}
{"message":"::1 - - [01/Oct/2018:09:54:22 +0000] \"GET /polyfills.js.map HTTP/1.1\" 304 - \"-\" \"Mozilla/5.0 (Windows NT 10.0; Win64; x64) AppleWebKit/537.36 (KHTML, like Gecko) Chrome/69.0.3497.100 Safari/537.36\"\n","level":"info"}
{"message":"::1 - - [01/Oct/2018:09:54:22 +0000] \"GET /styles.js.map HTTP/1.1\" 304 - \"-\" \"Mozilla/5.0 (Windows NT 10.0; Win64; x64) AppleWebKit/537.36 (KHTML, like Gecko) Chrome/69.0.3497.100 Safari/537.36\"\n","level":"info"}
{"message":"::1 - - [01/Oct/2018:09:54:23 +0000] \"GET /vendor.js.map HTTP/1.1\" 304 - \"-\" \"Mozilla/5.0 (Windows NT 10.0; Win64; x64) AppleWebKit/537.36 (KHTML, like Gecko) Chrome/69.0.3497.100 Safari/537.36\"\n","level":"info"}
{"message":"::1 - - [01/Oct/2018:09:54:23 +0000] \"GET /main.js.map HTTP/1.1\" 304 - \"-\" \"Mozilla/5.0 (Windows NT 10.0; Win64; x64) AppleWebKit/537.36 (KHTML, like Gecko) Chrome/69.0.3497.100 Safari/537.36\"\n","level":"info"}
{"message":"::1 - - [01/Oct/2018:09:54:23 +0000] \"GET /assets/images/logo.png HTTP/1.1\" 304 - \"http://localhost:3000/\" \"Mozilla/5.0 (Windows NT 10.0; Win64; x64) AppleWebKit/537.36 (KHTML, like Gecko) Chrome/69.0.3497.100 Safari/537.36\"\n","level":"info"}
{"message":"::1 - - [01/Oct/2018:09:54:23 +0000] \"GET /assets/images/notification.png HTTP/1.1\" 304 - \"http://localhost:3000/\" \"Mozilla/5.0 (Windows NT 10.0; Win64; x64) AppleWebKit/537.36 (KHTML, like Gecko) Chrome/69.0.3497.100 Safari/537.36\"\n","level":"info"}
{"message":"::1 - - [01/Oct/2018:09:54:23 +0000] \"GET /assets/images/dashboard.png HTTP/1.1\" 304 - \"http://localhost:3000/\" \"Mozilla/5.0 (Windows NT 10.0; Win64; x64) AppleWebKit/537.36 (KHTML, like Gecko) Chrome/69.0.3497.100 Safari/537.36\"\n","level":"info"}
{"message":"::1 - - [01/Oct/2018:09:54:23 +0000] \"GET /assets/images/skills.png HTTP/1.1\" 304 - \"http://localhost:3000/\" \"Mozilla/5.0 (Windows NT 10.0; Win64; x64) AppleWebKit/537.36 (KHTML, like Gecko) Chrome/69.0.3497.100 Safari/537.36\"\n","level":"info"}
{"message":"::1 - - [01/Oct/2018:09:54:23 +0000] \"GET /assets/images/certifications.png HTTP/1.1\" 304 - \"http://localhost:3000/\" \"Mozilla/5.0 (Windows NT 10.0; Win64; x64) AppleWebKit/537.36 (KHTML, like Gecko) Chrome/69.0.3497.100 Safari/537.36\"\n","level":"info"}
{"message":"::1 - - [01/Oct/2018:09:54:23 +0000] \"GET /assets/images/training.png HTTP/1.1\" 304 - \"http://localhost:3000/\" \"Mozilla/5.0 (Windows NT 10.0; Win64; x64) AppleWebKit/537.36 (KHTML, like Gecko) Chrome/69.0.3497.100 Safari/537.36\"\n","level":"info"}
{"message":"::1 - - [01/Oct/2018:09:54:23 +0000] \"GET /assets/images/profile.png HTTP/1.1\" 304 - \"http://localhost:3000/\" \"Mozilla/5.0 (Windows NT 10.0; Win64; x64) AppleWebKit/537.36 (KHTML, like Gecko) Chrome/69.0.3497.100 Safari/537.36\"\n","level":"info"}
{"message":"::1 - - [01/Oct/2018:09:54:24 +0000] \"GET /api/auth/login HTTP/1.1\" 302 0 \"http://localhost:3000/\" \"Mozilla/5.0 (Windows NT 10.0; Win64; x64) AppleWebKit/537.36 (KHTML, like Gecko) Chrome/69.0.3497.100 Safari/537.36\"\n","level":"info"}
{"message":"::1 - - [01/Oct/2018:09:54:26 +0000] \"POST /api/auth/openid/return HTTP/1.1\" 302 46 \"-\" \"Mozilla/5.0 (Windows NT 10.0; Win64; x64) AppleWebKit/537.36 (KHTML, like Gecko) Chrome/69.0.3497.100 Safari/537.36\"\n","level":"info"}
{"message":"::1 - - [01/Oct/2018:09:54:26 +0000] \"GET / HTTP/1.1\" 304 - \"-\" \"Mozilla/5.0 (Windows NT 10.0; Win64; x64) AppleWebKit/537.36 (KHTML, like Gecko) Chrome/69.0.3497.100 Safari/537.36\"\n","level":"info"}
{"message":"::1 - - [01/Oct/2018:09:54:26 +0000] \"GET /runtime.js HTTP/1.1\" 304 - \"http://localhost:3000/\" \"Mozilla/5.0 (Windows NT 10.0; Win64; x64) AppleWebKit/537.36 (KHTML, like Gecko) Chrome/69.0.3497.100 Safari/537.36\"\n","level":"info"}
{"message":"::1 - - [01/Oct/2018:09:54:26 +0000] \"GET /polyfills.js HTTP/1.1\" 304 - \"http://localhost:3000/\" \"Mozilla/5.0 (Windows NT 10.0; Win64; x64) AppleWebKit/537.36 (KHTML, like Gecko) Chrome/69.0.3497.100 Safari/537.36\"\n","level":"info"}
{"message":"::1 - - [01/Oct/2018:09:54:26 +0000] \"GET /styles.js HTTP/1.1\" 304 - \"http://localhost:3000/\" \"Mozilla/5.0 (Windows NT 10.0; Win64; x64) AppleWebKit/537.36 (KHTML, like Gecko) Chrome/69.0.3497.100 Safari/537.36\"\n","level":"info"}
{"message":"::1 - - [01/Oct/2018:09:54:26 +0000] \"GET /vendor.js HTTP/1.1\" 304 - \"http://localhost:3000/\" \"Mozilla/5.0 (Windows NT 10.0; Win64; x64) AppleWebKit/537.36 (KHTML, like Gecko) Chrome/69.0.3497.100 Safari/537.36\"\n","level":"info"}
{"message":"::1 - - [01/Oct/2018:09:54:26 +0000] \"GET /main.js HTTP/1.1\" 304 - \"http://localhost:3000/\" \"Mozilla/5.0 (Windows NT 10.0; Win64; x64) AppleWebKit/537.36 (KHTML, like Gecko) Chrome/69.0.3497.100 Safari/537.36\"\n","level":"info"}
{"message":"::1 - - [01/Oct/2018:09:54:26 +0000] \"GET /runtime.js.map HTTP/1.1\" 304 - \"-\" \"Mozilla/5.0 (Windows NT 10.0; Win64; x64) AppleWebKit/537.36 (KHTML, like Gecko) Chrome/69.0.3497.100 Safari/537.36\"\n","level":"info"}
{"message":"::1 - - [01/Oct/2018:09:54:26 +0000] \"GET /polyfills.js.map HTTP/1.1\" 304 - \"-\" \"Mozilla/5.0 (Windows NT 10.0; Win64; x64) AppleWebKit/537.36 (KHTML, like Gecko) Chrome/69.0.3497.100 Safari/537.36\"\n","level":"info"}
{"message":"::1 - - [01/Oct/2018:09:54:26 +0000] \"GET /styles.js.map HTTP/1.1\" 304 - \"-\" \"Mozilla/5.0 (Windows NT 10.0; Win64; x64) AppleWebKit/537.36 (KHTML, like Gecko) Chrome/69.0.3497.100 Safari/537.36\"\n","level":"info"}
{"message":"::1 - - [01/Oct/2018:09:54:27 +0000] \"GET /vendor.js.map HTTP/1.1\" 304 - \"-\" \"Mozilla/5.0 (Windows NT 10.0; Win64; x64) AppleWebKit/537.36 (KHTML, like Gecko) Chrome/69.0.3497.100 Safari/537.36\"\n","level":"info"}
{"message":"::1 - - [01/Oct/2018:09:54:27 +0000] \"GET /main.js.map HTTP/1.1\" 304 - \"-\" \"Mozilla/5.0 (Windows NT 10.0; Win64; x64) AppleWebKit/537.36 (KHTML, like Gecko) Chrome/69.0.3497.100 Safari/537.36\"\n","level":"info"}
{"message":"true","level":"info"}
{"message":"::1 - - [01/Oct/2018:09:54:27 +0000] \"GET /assets/images/logo.png HTTP/1.1\" 304 - \"http://localhost:3000/\" \"Mozilla/5.0 (Windows NT 10.0; Win64; x64) AppleWebKit/537.36 (KHTML, like Gecko) Chrome/69.0.3497.100 Safari/537.36\"\n","level":"info"}
{"message":"::1 - - [01/Oct/2018:09:54:27 +0000] \"GET /assets/images/notification.png HTTP/1.1\" 304 - \"http://localhost:3000/\" \"Mozilla/5.0 (Windows NT 10.0; Win64; x64) AppleWebKit/537.36 (KHTML, like Gecko) Chrome/69.0.3497.100 Safari/537.36\"\n","level":"info"}
{"message":"::1 - - [01/Oct/2018:09:54:27 +0000] \"GET /assets/images/dashboard.png HTTP/1.1\" 304 - \"http://localhost:3000/\" \"Mozilla/5.0 (Windows NT 10.0; Win64; x64) AppleWebKit/537.36 (KHTML, like Gecko) Chrome/69.0.3497.100 Safari/537.36\"\n","level":"info"}
{"message":"::1 - - [01/Oct/2018:09:54:27 +0000] \"GET /assets/images/skills.png HTTP/1.1\" 304 - \"http://localhost:3000/\" \"Mozilla/5.0 (Windows NT 10.0; Win64; x64) AppleWebKit/537.36 (KHTML, like Gecko) Chrome/69.0.3497.100 Safari/537.36\"\n","level":"info"}
{"message":"::1 - - [01/Oct/2018:09:54:27 +0000] \"GET /assets/images/certifications.png HTTP/1.1\" 304 - \"http://localhost:3000/\" \"Mozilla/5.0 (Windows NT 10.0; Win64; x64) AppleWebKit/537.36 (KHTML, like Gecko) Chrome/69.0.3497.100 Safari/537.36\"\n","level":"info"}
{"message":"::1 - - [01/Oct/2018:09:54:27 +0000] \"GET /assets/images/training.png HTTP/1.1\" 304 - \"http://localhost:3000/\" \"Mozilla/5.0 (Windows NT 10.0; Win64; x64) AppleWebKit/537.36 (KHTML, like Gecko) Chrome/69.0.3497.100 Safari/537.36\"\n","level":"info"}
{"message":"::1 - - [01/Oct/2018:09:54:27 +0000] \"GET /assets/images/profile.png HTTP/1.1\" 304 - \"http://localhost:3000/\" \"Mozilla/5.0 (Windows NT 10.0; Win64; x64) AppleWebKit/537.36 (KHTML, like Gecko) Chrome/69.0.3497.100 Safari/537.36\"\n","level":"info"}
{"message":"recieved photo","level":"info"}
{"message":"::1 - - [01/Oct/2018:09:54:28 +0000] \"GET /api/user/getImage HTTP/1.1\" 200 3713 \"http://localhost:3000/\" \"Mozilla/5.0 (Windows NT 10.0; Win64; x64) AppleWebKit/537.36 (KHTML, like Gecko) Chrome/69.0.3497.100 Safari/537.36\"\n","level":"info"}
{"message":"::1 - - [01/Oct/2018:09:54:28 +0000] \"GET /null HTTP/1.1\" 304 - \"http://localhost:3000/\" \"Mozilla/5.0 (Windows NT 10.0; Win64; x64) AppleWebKit/537.36 (KHTML, like Gecko) Chrome/69.0.3497.100 Safari/537.36\"\n","level":"info"}
